<?xml version="1.0" encoding="UTF-8"?>
<testng-results ignored="0" total="1" passed="1" failed="0" skipped="0">
  <reporter-output>
  </reporter-output>
  <suite started-at="2021-09-24T13:33:31Z" name="Default suite" finished-at="2021-09-24T13:33:37Z" duration-ms="6132">
    <groups>
    </groups>
    <test started-at="2021-09-24T13:33:31Z" name="Default test" finished-at="2021-09-24T13:33:37Z" duration-ms="6132">
      <class name="com.tests.LoginTest">
        <test-method is-config="true" signature="setup()[pri:0, instance:com.tests.LoginTest@13f95696]" started-at="2021-09-24T19:03:31Z" name="setup" finished-at="2021-09-24T19:03:37Z" duration-ms="5782" status="PASS">
          <reporter-output>
          </reporter-output>
        </test-method> <!-- setup -->
        <test-method signature="freeCrmTitleTest()[pri:1, instance:com.tests.LoginTest@13f95696]" started-at="2021-09-24T19:03:37Z" name="freeCrmTitleTest" finished-at="2021-09-24T19:03:37Z" duration-ms="21" status="PASS">
          <reporter-output>
          </reporter-output>
        </test-method> <!-- freeCrmTitleTest -->
        <test-method is-config="true" signature="tearDown()[pri:0, instance:com.tests.LoginTest@13f95696]" started-at="2021-09-24T19:03:37Z" name="tearDown" finished-at="2021-09-24T19:03:37Z" duration-ms="305" status="PASS">
          <reporter-output>
          </reporter-output>
        </test-method> <!-- tearDown -->
      </class> <!-- com.tests.LoginTest -->
    </test> <!-- Default test -->
  </suite> <!-- Default suite -->
</testng-results>
